{"D:\\Pessoal\\Processo Seletivo\\_EnviaByBus\\src\\models\\validateCPF.ts": {"path":"D:\\Pessoal\\Processo Seletivo\\_EnviaByBus\\src\\models\\validateCPF.ts","all":false,"statementMap":{"0":{"start":{"line":1,"column":0},"end":{"line":1,"column":53}},"1":{"start":{"line":2,"column":0},"end":{"line":2,"column":0}},"2":{"start":{"line":3,"column":0},"end":{"line":3,"column":6}},"3":{"start":{"line":4,"column":0},"end":{"line":4,"column":17}},"4":{"start":{"line":5,"column":0},"end":{"line":5,"column":51}},"5":{"start":{"line":6,"column":0},"end":{"line":6,"column":45}},"6":{"start":{"line":7,"column":0},"end":{"line":7,"column":36}},"7":{"start":{"line":8,"column":0},"end":{"line":8,"column":4}},"8":{"start":{"line":9,"column":0},"end":{"line":9,"column":18}},"9":{"start":{"line":10,"column":0},"end":{"line":10,"column":58}},"10":{"start":{"line":11,"column":0},"end":{"line":11,"column":6}},"11":{"start":{"line":12,"column":0},"end":{"line":12,"column":4}},"12":{"start":{"line":13,"column":0},"end":{"line":13,"column":33}},"13":{"start":{"line":14,"column":0},"end":{"line":14,"column":2}},"14":{"start":{"line":15,"column":0},"end":{"line":15,"column":28}},"15":{"start":{"line":16,"column":0},"end":{"line":16,"column":19}},"16":{"start":{"line":17,"column":0},"end":{"line":17,"column":5}},"17":{"start":{"line":18,"column":0},"end":{"line":18,"column":2}},"18":{"start":{"line":19,"column":0},"end":{"line":19,"column":51}},"19":{"start":{"line":20,"column":0},"end":{"line":20,"column":28}},"20":{"start":{"line":21,"column":0},"end":{"line":21,"column":19}},"21":{"start":{"line":22,"column":0},"end":{"line":22,"column":5}},"22":{"start":{"line":23,"column":0},"end":{"line":23,"column":2}},"23":{"start":{"line":24,"column":0},"end":{"line":24,"column":16}},"24":{"start":{"line":25,"column":0},"end":{"line":25,"column":33}},"25":{"start":{"line":26,"column":0},"end":{"line":26,"column":48}},"26":{"start":{"line":27,"column":0},"end":{"line":27,"column":5}},"27":{"start":{"line":28,"column":0},"end":{"line":28,"column":36}},"28":{"start":{"line":29,"column":0},"end":{"line":29,"column":47}},"29":{"start":{"line":30,"column":0},"end":{"line":30,"column":20}},"30":{"start":{"line":31,"column":0},"end":{"line":31,"column":5}},"31":{"start":{"line":32,"column":0},"end":{"line":32,"column":48}},"32":{"start":{"line":33,"column":0},"end":{"line":33,"column":19}},"33":{"start":{"line":34,"column":0},"end":{"line":34,"column":5}},"34":{"start":{"line":35,"column":0},"end":{"line":35,"column":2}},"35":{"start":{"line":36,"column":0},"end":{"line":36,"column":12}},"36":{"start":{"line":37,"column":0},"end":{"line":37,"column":34}},"37":{"start":{"line":38,"column":0},"end":{"line":38,"column":48}},"38":{"start":{"line":39,"column":0},"end":{"line":39,"column":5}},"39":{"start":{"line":40,"column":0},"end":{"line":40,"column":32}},"40":{"start":{"line":41,"column":0},"end":{"line":41,"column":47}},"41":{"start":{"line":42,"column":0},"end":{"line":42,"column":20}},"42":{"start":{"line":43,"column":0},"end":{"line":43,"column":5}},"43":{"start":{"line":44,"column":0},"end":{"line":44,"column":49}},"44":{"start":{"line":45,"column":0},"end":{"line":45,"column":19}},"45":{"start":{"line":46,"column":0},"end":{"line":46,"column":5}},"46":{"start":{"line":47,"column":0},"end":{"line":47,"column":2}},"47":{"start":{"line":48,"column":0},"end":{"line":48,"column":16}},"48":{"start":{"line":49,"column":0},"end":{"line":49,"column":4}}},"s":{"0":1,"1":4,"2":4,"3":4,"4":4,"5":4,"6":4,"7":4,"8":4,"9":4,"10":4,"11":4,"12":4,"13":4,"14":4,"15":1,"16":1,"17":3,"18":3,"19":4,"20":1,"21":1,"22":2,"23":2,"24":4,"25":18,"26":18,"27":2,"28":4,"29":1,"30":1,"31":4,"32":1,"33":1,"34":1,"35":1,"36":4,"37":10,"38":10,"39":1,"40":4,"41":0,"42":0,"43":4,"44":0,"45":0,"46":1,"47":1,"48":1},"branchMap":{"0":{"type":"branch","line":1,"loc":{"start":{"line":1,"column":26},"end":{"line":49,"column":4}},"locations":[{"start":{"line":1,"column":26},"end":{"line":49,"column":4}}]},"1":{"type":"branch","line":15,"loc":{"start":{"line":15,"column":27},"end":{"line":17,"column":5}},"locations":[{"start":{"line":15,"column":27},"end":{"line":17,"column":5}}]},"2":{"type":"branch","line":18,"loc":{"start":{"line":18,"column":-2},"end":{"line":20,"column":27}},"locations":[{"start":{"line":18,"column":-2},"end":{"line":20,"column":27}}]},"3":{"type":"branch","line":20,"loc":{"start":{"line":20,"column":27},"end":{"line":22,"column":5}},"locations":[{"start":{"line":20,"column":27},"end":{"line":22,"column":5}}]},"4":{"type":"branch","line":23,"loc":{"start":{"line":23,"column":-2},"end":{"line":25,"column":32}},"locations":[{"start":{"line":23,"column":-2},"end":{"line":25,"column":32}}]},"5":{"type":"branch","line":25,"loc":{"start":{"line":25,"column":32},"end":{"line":27,"column":5}},"locations":[{"start":{"line":25,"column":32},"end":{"line":27,"column":5}}]},"6":{"type":"branch","line":28,"loc":{"start":{"line":28,"column":-2},"end":{"line":29,"column":28}},"locations":[{"start":{"line":28,"column":-2},"end":{"line":29,"column":28}}]},"7":{"type":"branch","line":29,"loc":{"start":{"line":29,"column":24},"end":{"line":29,"column":44}},"locations":[{"start":{"line":29,"column":24},"end":{"line":29,"column":44}}]},"8":{"type":"branch","line":29,"loc":{"start":{"line":29,"column":46},"end":{"line":31,"column":5}},"locations":[{"start":{"line":29,"column":46},"end":{"line":31,"column":5}}]},"9":{"type":"branch","line":32,"loc":{"start":{"line":32,"column":-2},"end":{"line":32,"column":47}},"locations":[{"start":{"line":32,"column":-2},"end":{"line":32,"column":47}}]},"10":{"type":"branch","line":32,"loc":{"start":{"line":32,"column":47},"end":{"line":37,"column":33}},"locations":[{"start":{"line":32,"column":47},"end":{"line":37,"column":33}}]},"11":{"type":"branch","line":37,"loc":{"start":{"line":37,"column":33},"end":{"line":39,"column":5}},"locations":[{"start":{"line":37,"column":33},"end":{"line":39,"column":5}}]},"12":{"type":"branch","line":40,"loc":{"start":{"line":40,"column":-2},"end":{"line":41,"column":44}},"locations":[{"start":{"line":40,"column":-2},"end":{"line":41,"column":44}}]},"13":{"type":"branch","line":41,"loc":{"start":{"line":41,"column":46},"end":{"line":43,"column":5}},"locations":[{"start":{"line":41,"column":46},"end":{"line":43,"column":5}}]},"14":{"type":"branch","line":44,"loc":{"start":{"line":44,"column":-2},"end":{"line":44,"column":48}},"locations":[{"start":{"line":44,"column":-2},"end":{"line":44,"column":48}}]},"15":{"type":"branch","line":44,"loc":{"start":{"line":44,"column":48},"end":{"line":46,"column":5}},"locations":[{"start":{"line":44,"column":48},"end":{"line":46,"column":5}}]},"16":{"type":"branch","line":47,"loc":{"start":{"line":47,"column":-2},"end":{"line":49,"column":4}},"locations":[{"start":{"line":47,"column":-2},"end":{"line":49,"column":4}}]}},"b":{"0":[4],"1":[1],"2":[3],"3":[1],"4":[2],"5":[18],"6":[2],"7":[1],"8":[1],"9":[2],"10":[1],"11":[10],"12":[1],"13":[0],"14":[1],"15":[0],"16":[1]},"fnMap":{"0":{"name":"isValidCPF","decl":{"start":{"line":1,"column":26},"end":{"line":49,"column":4}},"loc":{"start":{"line":1,"column":26},"end":{"line":49,"column":4}},"line":1}},"f":{"0":4}}
}
