TN:
SF:src\models\validateCPF.ts
FN:1,isValidCPF
FNF:1
FNH:1
FNDA:4,isValidCPF
DA:1,1
DA:2,4
DA:3,4
DA:4,4
DA:5,4
DA:6,4
DA:7,4
DA:8,4
DA:9,4
DA:10,4
DA:11,4
DA:12,4
DA:13,4
DA:14,4
DA:15,4
DA:16,1
DA:17,1
DA:18,3
DA:19,3
DA:20,4
DA:21,1
DA:22,1
DA:23,2
DA:24,2
DA:25,4
DA:26,18
DA:27,18
DA:28,2
DA:29,4
DA:30,1
DA:31,1
DA:32,4
DA:33,1
DA:34,1
DA:35,1
DA:36,1
DA:37,4
DA:38,10
DA:39,10
DA:40,1
DA:41,4
DA:42,0
DA:43,0
DA:44,4
DA:45,0
DA:46,0
DA:47,1
DA:48,1
DA:49,1
LF:49
LH:45
BRDA:1,0,0,4
BRDA:15,1,0,1
BRDA:18,2,0,3
BRDA:20,3,0,1
BRDA:23,4,0,2
BRDA:25,5,0,18
BRDA:28,6,0,2
BRDA:29,7,0,1
BRDA:29,8,0,1
BRDA:32,9,0,2
BRDA:32,10,0,1
BRDA:37,11,0,10
BRDA:40,12,0,1
BRDA:41,13,0,0
BRDA:44,14,0,1
BRDA:44,15,0,0
BRDA:47,16,0,1
BRF:17
BRH:15
end_of_record
